<?xml version="1.0" encoding="UTF-8"?>
<testsuite xmlns:xsi="http://www.w3.org/2001/XMLSchema-instance" xsi:noNamespaceSchemaLocation="https://maven.apache.org/surefire/maven-surefire-plugin/xsd/surefire-test-report.xsd" version="3.0.2" name="TestSuite" time="13.947" tests="16" errors="0" skipped="0" failures="0">
  <properties>
    <property name="java.specification.version" value="23"/>
    <property name="sun.jnu.encoding" value="UTF-8"/>
    <property name="java.class.path" value="/Users/daviddornyoh/Documents/AutomationTesting/target/test-classes:/Users/daviddornyoh/Documents/AutomationTesting/target/classes:/Users/daviddornyoh/.m2/repository/io/rest-assured/rest-assured/5.5.0/rest-assured-5.5.0.jar:/Users/daviddornyoh/.m2/repository/org/apache/groovy/groovy/4.0.22/groovy-4.0.22.jar:/Users/daviddornyoh/.m2/repository/org/apache/groovy/groovy-xml/4.0.22/groovy-xml-4.0.22.jar:/Users/daviddornyoh/.m2/repository/org/apache/httpcomponents/httpclient/4.5.13/httpclient-4.5.13.jar:/Users/daviddornyoh/.m2/repository/org/apache/httpcomponents/httpcore/4.4.13/httpcore-4.4.13.jar:/Users/daviddornyoh/.m2/repository/commons-logging/commons-logging/1.2/commons-logging-1.2.jar:/Users/daviddornyoh/.m2/repository/commons-codec/commons-codec/1.11/commons-codec-1.11.jar:/Users/daviddornyoh/.m2/repository/org/apache/httpcomponents/httpmime/4.5.13/httpmime-4.5.13.jar:/Users/daviddornyoh/.m2/repository/org/hamcrest/hamcrest/2.2/hamcrest-2.2.jar:/Users/daviddornyoh/.m2/repository/org/ccil/cowan/tagsoup/tagsoup/1.2.1/tagsoup-1.2.1.jar:/Users/daviddornyoh/.m2/repository/io/rest-assured/xml-path/5.5.0/xml-path-5.5.0.jar:/Users/daviddornyoh/.m2/repository/com/github/javafaker/javafaker/1.0.2/javafaker-1.0.2.jar:/Users/daviddornyoh/.m2/repository/org/apache/commons/commons-lang3/3.5/commons-lang3-3.5.jar:/Users/daviddornyoh/.m2/repository/org/yaml/snakeyaml/1.23/snakeyaml-1.23-android.jar:/Users/daviddornyoh/.m2/repository/com/github/mifmif/generex/1.0.2/generex-1.0.2.jar:/Users/daviddornyoh/.m2/repository/dk/brics/automaton/automaton/1.11-8/automaton-1.11-8.jar:/Users/daviddornyoh/.m2/repository/io/rest-assured/json-path/5.5.0/json-path-5.5.0.jar:/Users/daviddornyoh/.m2/repository/org/apache/groovy/groovy-json/4.0.22/groovy-json-4.0.22.jar:/Users/daviddornyoh/.m2/repository/io/rest-assured/rest-assured-common/5.5.0/rest-assured-common-5.5.0.jar:/Users/daviddornyoh/.m2/repository/org/json/json/20240303/json-20240303.jar:/Users/daviddornyoh/.m2/repository/com/github/java-json-tools/json-schema-validator/2.2.14/json-schema-validator-2.2.14.jar:/Users/daviddornyoh/.m2/repository/com/google/guava/guava/28.2-android/guava-28.2-android.jar:/Users/daviddornyoh/.m2/repository/com/google/guava/failureaccess/1.0.1/failureaccess-1.0.1.jar:/Users/daviddornyoh/.m2/repository/com/google/guava/listenablefuture/9999.0-empty-to-avoid-conflict-with-guava/listenablefuture-9999.0-empty-to-avoid-conflict-with-guava.jar:/Users/daviddornyoh/.m2/repository/org/checkerframework/checker-compat-qual/2.5.5/checker-compat-qual-2.5.5.jar:/Users/daviddornyoh/.m2/repository/com/google/errorprone/error_prone_annotations/2.3.4/error_prone_annotations-2.3.4.jar:/Users/daviddornyoh/.m2/repository/com/google/j2objc/j2objc-annotations/1.3/j2objc-annotations-1.3.jar:/Users/daviddornyoh/.m2/repository/com/github/java-json-tools/jackson-coreutils-equivalence/1.0/jackson-coreutils-equivalence-1.0.jar:/Users/daviddornyoh/.m2/repository/com/fasterxml/jackson/core/jackson-databind/2.11.0/jackson-databind-2.11.0.jar:/Users/daviddornyoh/.m2/repository/com/fasterxml/jackson/core/jackson-annotations/2.11.0/jackson-annotations-2.11.0.jar:/Users/daviddornyoh/.m2/repository/com/fasterxml/jackson/core/jackson-core/2.11.0/jackson-core-2.11.0.jar:/Users/daviddornyoh/.m2/repository/com/github/java-json-tools/jackson-coreutils/2.0/jackson-coreutils-2.0.jar:/Users/daviddornyoh/.m2/repository/com/github/java-json-tools/msg-simple/1.2/msg-simple-1.2.jar:/Users/daviddornyoh/.m2/repository/com/github/java-json-tools/btf/1.3/btf-1.3.jar:/Users/daviddornyoh/.m2/repository/com/github/java-json-tools/json-schema-core/1.2.14/json-schema-core-1.2.14.jar:/Users/daviddornyoh/.m2/repository/com/github/java-json-tools/uri-template/0.10/uri-template-0.10.jar:/Users/daviddornyoh/.m2/repository/org/mozilla/rhino/1.7.7.2/rhino-1.7.7.2.jar:/Users/daviddornyoh/.m2/repository/com/sun/mail/mailapi/1.6.2/mailapi-1.6.2.jar:/Users/daviddornyoh/.m2/repository/joda-time/joda-time/2.10.5/joda-time-2.10.5.jar:/Users/daviddornyoh/.m2/repository/com/googlecode/libphonenumber/libphonenumber/8.11.1/libphonenumber-8.11.1.jar:/Users/daviddornyoh/.m2/repository/com/google/code/findbugs/jsr305/3.0.2/jsr305-3.0.2.jar:/Users/daviddornyoh/.m2/repository/net/sf/jopt-simple/jopt-simple/5.0.4/jopt-simple-5.0.4.jar:/Users/daviddornyoh/.m2/repository/com/aventstack/extentreports/5.1.2/extentreports-5.1.2.jar:/Users/daviddornyoh/.m2/repository/io/reactivex/rxjava3/rxjava/3.1.6/rxjava-3.1.6.jar:/Users/daviddornyoh/.m2/repository/org/reactivestreams/reactive-streams/1.0.4/reactive-streams-1.0.4.jar:/Users/daviddornyoh/.m2/repository/org/freemarker/freemarker/2.3.32/freemarker-2.3.32.jar:/Users/daviddornyoh/.m2/repository/org/projectlombok/lombok/1.18.26/lombok-1.18.26.jar:/Users/daviddornyoh/.m2/repository/com/google/code/gson/gson/2.10.1/gson-2.10.1.jar:/Users/daviddornyoh/.m2/repository/org/apache/poi/poi-ooxml/5.3.0/poi-ooxml-5.3.0.jar:/Users/daviddornyoh/.m2/repository/org/apache/poi/poi/5.3.0/poi-5.3.0.jar:/Users/daviddornyoh/.m2/repository/org/apache/commons/commons-math3/3.6.1/commons-math3-3.6.1.jar:/Users/daviddornyoh/.m2/repository/com/zaxxer/SparseBitSet/1.3/SparseBitSet-1.3.jar:/Users/daviddornyoh/.m2/repository/org/apache/poi/poi-ooxml-lite/5.3.0/poi-ooxml-lite-5.3.0.jar:/Users/daviddornyoh/.m2/repository/org/apache/xmlbeans/xmlbeans/5.2.1/xmlbeans-5.2.1.jar:/Users/daviddornyoh/.m2/repository/org/apache/commons/commons-compress/1.26.2/commons-compress-1.26.2.jar:/Users/daviddornyoh/.m2/repository/commons-io/commons-io/2.16.1/commons-io-2.16.1.jar:/Users/daviddornyoh/.m2/repository/com/github/virtuald/curvesapi/1.08/curvesapi-1.08.jar:/Users/daviddornyoh/.m2/repository/org/apache/logging/log4j/log4j-api/2.23.1/log4j-api-2.23.1.jar:/Users/daviddornyoh/.m2/repository/org/apache/commons/commons-collections4/4.4/commons-collections4-4.4.jar:/Users/daviddornyoh/.m2/repository/org/testng/testng/7.10.1/testng-7.10.1.jar:/Users/daviddornyoh/.m2/repository/org/slf4j/slf4j-api/1.7.36/slf4j-api-1.7.36.jar:/Users/daviddornyoh/.m2/repository/com/beust/jcommander/1.82/jcommander-1.82.jar:/Users/daviddornyoh/.m2/repository/org/webjars/jquery/3.7.1/jquery-3.7.1.jar:"/>
    <property name="java.vm.vendor" value="Homebrew"/>
    <property name="sun.arch.data.model" value="64"/>
    <property name="java.vendor.url" value="https://github.com/Homebrew/homebrew-core/issues"/>
    <property name="user.timezone" value="Africa/Accra"/>
    <property name="os.name" value="Mac OS X"/>
    <property name="java.vm.specification.version" value="23"/>
    <property name="sun.java.launcher" value="SUN_STANDARD"/>
    <property name="user.country" value="GH"/>
    <property name="sun.boot.library.path" value="/opt/homebrew/Cellar/openjdk/23.0.1/libexec/openjdk.jdk/Contents/Home/lib"/>
    <property name="sun.java.command" value="/Users/daviddornyoh/Documents/AutomationTesting/target/surefire/surefirebooter-20250102112005898_3.jar /Users/daviddornyoh/Documents/AutomationTesting/target/surefire 2025-01-02T11-20-05_841-jvmRun1 surefire-20250102112005898_1tmp surefire_0-20250102112005898_2tmp"/>
    <property name="http.nonProxyHosts" value="local|*.local|169.254/16|*.169.254/16"/>
    <property name="jdk.debug" value="release"/>
    <property name="surefire.test.class.path" value="/Users/daviddornyoh/Documents/AutomationTesting/target/test-classes:/Users/daviddornyoh/Documents/AutomationTesting/target/classes:/Users/daviddornyoh/.m2/repository/io/rest-assured/rest-assured/5.5.0/rest-assured-5.5.0.jar:/Users/daviddornyoh/.m2/repository/org/apache/groovy/groovy/4.0.22/groovy-4.0.22.jar:/Users/daviddornyoh/.m2/repository/org/apache/groovy/groovy-xml/4.0.22/groovy-xml-4.0.22.jar:/Users/daviddornyoh/.m2/repository/org/apache/httpcomponents/httpclient/4.5.13/httpclient-4.5.13.jar:/Users/daviddornyoh/.m2/repository/org/apache/httpcomponents/httpcore/4.4.13/httpcore-4.4.13.jar:/Users/daviddornyoh/.m2/repository/commons-logging/commons-logging/1.2/commons-logging-1.2.jar:/Users/daviddornyoh/.m2/repository/commons-codec/commons-codec/1.11/commons-codec-1.11.jar:/Users/daviddornyoh/.m2/repository/org/apache/httpcomponents/httpmime/4.5.13/httpmime-4.5.13.jar:/Users/daviddornyoh/.m2/repository/org/hamcrest/hamcrest/2.2/hamcrest-2.2.jar:/Users/daviddornyoh/.m2/repository/org/ccil/cowan/tagsoup/tagsoup/1.2.1/tagsoup-1.2.1.jar:/Users/daviddornyoh/.m2/repository/io/rest-assured/xml-path/5.5.0/xml-path-5.5.0.jar:/Users/daviddornyoh/.m2/repository/com/github/javafaker/javafaker/1.0.2/javafaker-1.0.2.jar:/Users/daviddornyoh/.m2/repository/org/apache/commons/commons-lang3/3.5/commons-lang3-3.5.jar:/Users/daviddornyoh/.m2/repository/org/yaml/snakeyaml/1.23/snakeyaml-1.23-android.jar:/Users/daviddornyoh/.m2/repository/com/github/mifmif/generex/1.0.2/generex-1.0.2.jar:/Users/daviddornyoh/.m2/repository/dk/brics/automaton/automaton/1.11-8/automaton-1.11-8.jar:/Users/daviddornyoh/.m2/repository/io/rest-assured/json-path/5.5.0/json-path-5.5.0.jar:/Users/daviddornyoh/.m2/repository/org/apache/groovy/groovy-json/4.0.22/groovy-json-4.0.22.jar:/Users/daviddornyoh/.m2/repository/io/rest-assured/rest-assured-common/5.5.0/rest-assured-common-5.5.0.jar:/Users/daviddornyoh/.m2/repository/org/json/json/20240303/json-20240303.jar:/Users/daviddornyoh/.m2/repository/com/github/java-json-tools/json-schema-validator/2.2.14/json-schema-validator-2.2.14.jar:/Users/daviddornyoh/.m2/repository/com/google/guava/guava/28.2-android/guava-28.2-android.jar:/Users/daviddornyoh/.m2/repository/com/google/guava/failureaccess/1.0.1/failureaccess-1.0.1.jar:/Users/daviddornyoh/.m2/repository/com/google/guava/listenablefuture/9999.0-empty-to-avoid-conflict-with-guava/listenablefuture-9999.0-empty-to-avoid-conflict-with-guava.jar:/Users/daviddornyoh/.m2/repository/org/checkerframework/checker-compat-qual/2.5.5/checker-compat-qual-2.5.5.jar:/Users/daviddornyoh/.m2/repository/com/google/errorprone/error_prone_annotations/2.3.4/error_prone_annotations-2.3.4.jar:/Users/daviddornyoh/.m2/repository/com/google/j2objc/j2objc-annotations/1.3/j2objc-annotations-1.3.jar:/Users/daviddornyoh/.m2/repository/com/github/java-json-tools/jackson-coreutils-equivalence/1.0/jackson-coreutils-equivalence-1.0.jar:/Users/daviddornyoh/.m2/repository/com/fasterxml/jackson/core/jackson-databind/2.11.0/jackson-databind-2.11.0.jar:/Users/daviddornyoh/.m2/repository/com/fasterxml/jackson/core/jackson-annotations/2.11.0/jackson-annotations-2.11.0.jar:/Users/daviddornyoh/.m2/repository/com/fasterxml/jackson/core/jackson-core/2.11.0/jackson-core-2.11.0.jar:/Users/daviddornyoh/.m2/repository/com/github/java-json-tools/jackson-coreutils/2.0/jackson-coreutils-2.0.jar:/Users/daviddornyoh/.m2/repository/com/github/java-json-tools/msg-simple/1.2/msg-simple-1.2.jar:/Users/daviddornyoh/.m2/repository/com/github/java-json-tools/btf/1.3/btf-1.3.jar:/Users/daviddornyoh/.m2/repository/com/github/java-json-tools/json-schema-core/1.2.14/json-schema-core-1.2.14.jar:/Users/daviddornyoh/.m2/repository/com/github/java-json-tools/uri-template/0.10/uri-template-0.10.jar:/Users/daviddornyoh/.m2/repository/org/mozilla/rhino/1.7.7.2/rhino-1.7.7.2.jar:/Users/daviddornyoh/.m2/repository/com/sun/mail/mailapi/1.6.2/mailapi-1.6.2.jar:/Users/daviddornyoh/.m2/repository/joda-time/joda-time/2.10.5/joda-time-2.10.5.jar:/Users/daviddornyoh/.m2/repository/com/googlecode/libphonenumber/libphonenumber/8.11.1/libphonenumber-8.11.1.jar:/Users/daviddornyoh/.m2/repository/com/google/code/findbugs/jsr305/3.0.2/jsr305-3.0.2.jar:/Users/daviddornyoh/.m2/repository/net/sf/jopt-simple/jopt-simple/5.0.4/jopt-simple-5.0.4.jar:/Users/daviddornyoh/.m2/repository/com/aventstack/extentreports/5.1.2/extentreports-5.1.2.jar:/Users/daviddornyoh/.m2/repository/io/reactivex/rxjava3/rxjava/3.1.6/rxjava-3.1.6.jar:/Users/daviddornyoh/.m2/repository/org/reactivestreams/reactive-streams/1.0.4/reactive-streams-1.0.4.jar:/Users/daviddornyoh/.m2/repository/org/freemarker/freemarker/2.3.32/freemarker-2.3.32.jar:/Users/daviddornyoh/.m2/repository/org/projectlombok/lombok/1.18.26/lombok-1.18.26.jar:/Users/daviddornyoh/.m2/repository/com/google/code/gson/gson/2.10.1/gson-2.10.1.jar:/Users/daviddornyoh/.m2/repository/org/apache/poi/poi-ooxml/5.3.0/poi-ooxml-5.3.0.jar:/Users/daviddornyoh/.m2/repository/org/apache/poi/poi/5.3.0/poi-5.3.0.jar:/Users/daviddornyoh/.m2/repository/org/apache/commons/commons-math3/3.6.1/commons-math3-3.6.1.jar:/Users/daviddornyoh/.m2/repository/com/zaxxer/SparseBitSet/1.3/SparseBitSet-1.3.jar:/Users/daviddornyoh/.m2/repository/org/apache/poi/poi-ooxml-lite/5.3.0/poi-ooxml-lite-5.3.0.jar:/Users/daviddornyoh/.m2/repository/org/apache/xmlbeans/xmlbeans/5.2.1/xmlbeans-5.2.1.jar:/Users/daviddornyoh/.m2/repository/org/apache/commons/commons-compress/1.26.2/commons-compress-1.26.2.jar:/Users/daviddornyoh/.m2/repository/commons-io/commons-io/2.16.1/commons-io-2.16.1.jar:/Users/daviddornyoh/.m2/repository/com/github/virtuald/curvesapi/1.08/curvesapi-1.08.jar:/Users/daviddornyoh/.m2/repository/org/apache/logging/log4j/log4j-api/2.23.1/log4j-api-2.23.1.jar:/Users/daviddornyoh/.m2/repository/org/apache/commons/commons-collections4/4.4/commons-collections4-4.4.jar:/Users/daviddornyoh/.m2/repository/org/testng/testng/7.10.1/testng-7.10.1.jar:/Users/daviddornyoh/.m2/repository/org/slf4j/slf4j-api/1.7.36/slf4j-api-1.7.36.jar:/Users/daviddornyoh/.m2/repository/com/beust/jcommander/1.82/jcommander-1.82.jar:/Users/daviddornyoh/.m2/repository/org/webjars/jquery/3.7.1/jquery-3.7.1.jar:"/>
    <property name="sun.cpu.endian" value="little"/>
    <property name="user.home" value="/Users/daviddornyoh"/>
    <property name="user.language" value="en"/>
    <property name="java.specification.vendor" value="Oracle Corporation"/>
    <property name="java.version.date" value="2024-10-15"/>
    <property name="java.home" value="/opt/homebrew/Cellar/openjdk/23.0.1/libexec/openjdk.jdk/Contents/Home"/>
    <property name="file.separator" value="/"/>
    <property name="basedir" value="/Users/daviddornyoh/Documents/AutomationTesting"/>
    <property name="java.vm.compressedOopsMode" value="Zero based"/>
    <property name="line.separator" value="&#10;"/>
    <property name="java.vm.specification.vendor" value="Oracle Corporation"/>
    <property name="java.specification.name" value="Java Platform API Specification"/>
    <property name="apple.awt.application.name" value="ForkedBooter"/>
    <property name="surefire.real.class.path" value="/Users/daviddornyoh/Documents/AutomationTesting/target/surefire/surefirebooter-20250102112005898_3.jar"/>
    <property name="sun.management.compiler" value="HotSpot 64-Bit Tiered Compilers"/>
    <property name="ftp.nonProxyHosts" value="local|*.local|169.254/16|*.169.254/16"/>
    <property name="java.runtime.version" value="23.0.1"/>
    <property name="user.name" value="daviddornyoh"/>
    <property name="stdout.encoding" value="UTF-8"/>
    <property name="path.separator" value=":"/>
    <property name="os.version" value="12.1"/>
    <property name="java.runtime.name" value="OpenJDK Runtime Environment"/>
    <property name="file.encoding" value="UTF-8"/>
    <property name="java.vm.name" value="OpenJDK 64-Bit Server VM"/>
    <property name="java.vendor.version" value="Homebrew"/>
    <property name="localRepository" value="/Users/daviddornyoh/.m2/repository"/>
    <property name="java.vendor.url.bug" value="https://github.com/Homebrew/homebrew-core/issues"/>
    <property name="java.io.tmpdir" value="/var/folders/wf/bjyd_t_50fsbnq7t77yjmn4w0000gn/T/"/>
    <property name="java.version" value="23.0.1"/>
    <property name="user.dir" value="/Users/daviddornyoh/Documents/AutomationTesting"/>
    <property name="os.arch" value="aarch64"/>
    <property name="java.vm.specification.name" value="Java Virtual Machine Specification"/>
    <property name="native.encoding" value="UTF-8"/>
    <property name="java.library.path" value="/Users/daviddornyoh/Library/Java/Extensions:/Library/Java/Extensions:/Network/Library/Java/Extensions:/System/Library/Java/Extensions:/usr/lib/java:."/>
    <property name="java.vm.info" value="mixed mode, sharing"/>
    <property name="stderr.encoding" value="UTF-8"/>
    <property name="java.vendor" value="Homebrew"/>
    <property name="java.vm.version" value="23.0.1"/>
    <property name="sun.io.unicode.encoding" value="UnicodeBig"/>
    <property name="socksNonProxyHosts" value="local|*.local|169.254/16|*.169.254/16"/>
    <property name="java.class.version" value="67.0"/>
  </properties>
  <testcase name="testSuccessfulAuthentication" classname="api.tests.AuthServiceTest" time="3.723">
    <system-out><![CDATA[Test Suite started: AuthTest
Extent Report will be available at: /Users/daviddornyoh/Documents/AutomationTesting/reports/ExtentReport_20250102_112006.html
Setting up base URI...
Base URI set to: https://www.videogamedb.uk:443/api
Starting Test: testSuccessfulAuthentication
Running test: testSuccessfulAuthentication
Sending request to authenticate with valid credentials...
Response status code: 200
Response body: {"token":"eyJhbGciOiJIUzI1NiJ9.eyJzdWIiOiJhZG1pbiIsImlhdCI6MTczNTgxNjgxMCwiZXhwIjoxNzM1ODIwNDEwfQ.dBhrZslJREsoj_axfTiHAfrg_v9AmdcJY6TbxIHmsk8"}
Test successful authentication passed.
Test Passed: testSuccessfulAuthentication
]]></system-out>
    <system-err><![CDATA[SLF4J: Failed to load class "org.slf4j.impl.StaticLoggerBinder".
SLF4J: Defaulting to no-operation (NOP) logger implementation
SLF4J: See http://www.slf4j.org/codes.html#StaticLoggerBinder for further details.
]]></system-err>
  </testcase>
  <testcase name="testAuthenticationWithInvalidCredentials" classname="api.tests.AuthServiceTest" time="0.527">
    <system-out><![CDATA[Starting Test: testAuthenticationWithInvalidCredentials
Running test: testAuthenticationWithInvalidCredentials
Sending request to authenticate with invalid credentials...
Response status code: 403
Response body: {"timestamp":"2025-01-02T11:20:11.327+00:00","status":403,"error":"Forbidden","path":"/api/authenticate"}
Test authentication with invalid credentials passed.
Test Passed: testAuthenticationWithInvalidCredentials
]]></system-out>
  </testcase>
  <testcase name="testServerErrorDuringAuthentication" classname="api.tests.AuthServiceTest" time="0.63">
    <system-out><![CDATA[Starting Test: testServerErrorDuringAuthentication
Running test: testServerErrorDuringAuthentication
Sending request with malformed payload to trigger server error...
Response status code: 400
Response body: {"timestamp":"2025-01-02T11:20:11.913+00:00","status":400,"error":"Bad Request","path":"/api/authenticate"}
Test server error during authentication passed.
Test Passed: testServerErrorDuringAuthentication
]]></system-out>
  </testcase>
  <testcase name="testPostVideo" classname="api.tests.VideoServiceTest" time="1.148">
    <system-out><![CDATA[Test Suite finished: AuthTest
Extent Report generated at: /Users/daviddornyoh/Documents/AutomationTesting/reports/ExtentReport_20250102_112006.html
Test Suite started: ServiceTest
Starting Test: testPostVideo
Request method:	POST
Request URI:	https://www.videogamedb.uk:443/api/videogame
Proxy:			<none>
Request params:	<none>
Query params:	<none>
Form params:	<none>
Path params:	<none>
Headers:		Authorization=Bearer eyJhbGciOiJIUzI1NiJ9.eyJzdWIiOiJhZG1pbiIsImlhdCI6MTczNTgxNjgxMiwiZXhwIjoxNzM1ODIwNDEyfQ.yybxNLjync-uFDublQRWYucr1zWWfS6RtBUpY4gpLOY
				Accept=*/*
				Content-Type=application/json
Cookies:		<none>
Multiparts:		<none>
Body:
{
    "id": "147",
    "category": "Platform",
    "name": "Mario",
    "rating": "Mature",
    "releaseDate": "2012-05-04",
    "reviewScore": 89
}
Response Status Code: 200
Response Body: {"id":0,"name":"Mario","releaseDate":"2012-05-04","reviewScore":89,"category":"Platform","rating":"Mature"}
Test Passed: testPostVideo
]]></system-out>
    <system-err><![CDATA[java.io.FileNotFoundException: src/test/resources/logs/response_log.txt (No such file or directory)
	at java.base/java.io.FileOutputStream.open0(Native Method)
	at java.base/java.io.FileOutputStream.open(FileOutputStream.java:295)
	at java.base/java.io.FileOutputStream.<init>(FileOutputStream.java:237)
	at java.base/java.io.FileOutputStream.<init>(FileOutputStream.java:156)
	at api.tests.VideoServiceTest.logRequestResponseToFile(VideoServiceTest.java:29)
	at api.tests.VideoServiceTest.testPostVideo(VideoServiceTest.java:72)
	at java.base/jdk.internal.reflect.DirectMethodHandleAccessor.invoke(DirectMethodHandleAccessor.java:103)
	at java.base/java.lang.reflect.Method.invoke(Method.java:580)
	at org.testng.internal.invokers.MethodInvocationHelper.invokeMethod(MethodInvocationHelper.java:141)
	at org.testng.internal.invokers.TestInvoker.invokeMethod(TestInvoker.java:686)
	at org.testng.internal.invokers.TestInvoker.invokeTestMethod(TestInvoker.java:230)
	at org.testng.internal.invokers.MethodRunner.runInSequence(MethodRunner.java:63)
	at org.testng.internal.invokers.TestInvoker$MethodInvocationAgent.invoke(TestInvoker.java:992)
	at org.testng.internal.invokers.TestInvoker.invokeTestMethods(TestInvoker.java:203)
	at org.testng.internal.invokers.TestMethodWorker.invokeTestMethods(TestMethodWorker.java:154)
	at org.testng.internal.invokers.TestMethodWorker.run(TestMethodWorker.java:134)
	at java.base/java.util.ArrayList.forEach(ArrayList.java:1597)
	at org.testng.TestRunner.privateRun(TestRunner.java:739)
	at org.testng.TestRunner.run(TestRunner.java:614)
	at org.testng.SuiteRunner.runTest(SuiteRunner.java:421)
	at org.testng.SuiteRunner.runSequentially(SuiteRunner.java:413)
	at org.testng.SuiteRunner.privateRun(SuiteRunner.java:373)
	at org.testng.SuiteRunner.run(SuiteRunner.java:312)
	at org.testng.SuiteRunnerWorker.runSuite(SuiteRunnerWorker.java:52)
	at org.testng.SuiteRunnerWorker.run(SuiteRunnerWorker.java:95)
	at org.testng.TestNG.runSuitesSequentially(TestNG.java:1274)
	at org.testng.TestNG.runSuitesLocally(TestNG.java:1208)
	at org.testng.TestNG.runSuites(TestNG.java:1112)
	at org.testng.TestNG.run(TestNG.java:1079)
	at org.apache.maven.surefire.testng.TestNGExecutor.run(TestNGExecutor.java:308)
	at org.apache.maven.surefire.testng.TestNGXmlTestSuite.execute(TestNGXmlTestSuite.java:71)
	at org.apache.maven.surefire.testng.TestNGProvider.invoke(TestNGProvider.java:113)
	at org.apache.maven.surefire.booter.ForkedBooter.runSuitesInProcess(ForkedBooter.java:385)
	at org.apache.maven.surefire.booter.ForkedBooter.execute(ForkedBooter.java:162)
	at org.apache.maven.surefire.booter.ForkedBooter.run(ForkedBooter.java:507)
	at org.apache.maven.surefire.booter.ForkedBooter.main(ForkedBooter.java:495)
]]></system-err>
  </testcase>
  <testcase name="testGetVideoById" classname="api.tests.VideoServiceTest" time="0.571">
    <system-out><![CDATA[Starting Test: testGetVideoById
Request method:	GET
Request URI:	https://www.videogamedb.uk:443/api/videogame/1
Proxy:			<none>
Request params:	<none>
Query params:	<none>
Form params:	<none>
Path params:	<none>
Headers:		Authorization=Bearer eyJhbGciOiJIUzI1NiJ9.eyJzdWIiOiJhZG1pbiIsImlhdCI6MTczNTgxNjgxMiwiZXhwIjoxNzM1ODIwNDEyfQ.yybxNLjync-uFDublQRWYucr1zWWfS6RtBUpY4gpLOY
				Accept=*/*
Cookies:		<none>
Multiparts:		<none>
Body:			<none>
Response Status Code: 200
Response Body: {"id":1,"name":"Resident Evil 4","releaseDate":"2005-10-01 23:59:59","reviewScore":85,"category":"Shooter","rating":"Universal"}
Test Passed: testGetVideoById
]]></system-out>
    <system-err><![CDATA[java.io.FileNotFoundException: src/test/resources/logs/get_video_log.txt (No such file or directory)
	at java.base/java.io.FileOutputStream.open0(Native Method)
	at java.base/java.io.FileOutputStream.open(FileOutputStream.java:295)
	at java.base/java.io.FileOutputStream.<init>(FileOutputStream.java:237)
	at java.base/java.io.FileOutputStream.<init>(FileOutputStream.java:156)
	at api.tests.VideoServiceTest.logRequestResponseToFile(VideoServiceTest.java:29)
	at api.tests.VideoServiceTest.testGetVideoById(VideoServiceTest.java:103)
	at java.base/jdk.internal.reflect.DirectMethodHandleAccessor.invoke(DirectMethodHandleAccessor.java:103)
	at java.base/java.lang.reflect.Method.invoke(Method.java:580)
	at org.testng.internal.invokers.MethodInvocationHelper.invokeMethod(MethodInvocationHelper.java:141)
	at org.testng.internal.invokers.TestInvoker.invokeMethod(TestInvoker.java:686)
	at org.testng.internal.invokers.TestInvoker.invokeTestMethod(TestInvoker.java:230)
	at org.testng.internal.invokers.MethodRunner.runInSequence(MethodRunner.java:63)
	at org.testng.internal.invokers.TestInvoker$MethodInvocationAgent.invoke(TestInvoker.java:992)
	at org.testng.internal.invokers.TestInvoker.invokeTestMethods(TestInvoker.java:203)
	at org.testng.internal.invokers.TestMethodWorker.invokeTestMethods(TestMethodWorker.java:154)
	at org.testng.internal.invokers.TestMethodWorker.run(TestMethodWorker.java:134)
	at java.base/java.util.ArrayList.forEach(ArrayList.java:1597)
	at org.testng.TestRunner.privateRun(TestRunner.java:739)
	at org.testng.TestRunner.run(TestRunner.java:614)
	at org.testng.SuiteRunner.runTest(SuiteRunner.java:421)
	at org.testng.SuiteRunner.runSequentially(SuiteRunner.java:413)
	at org.testng.SuiteRunner.privateRun(SuiteRunner.java:373)
	at org.testng.SuiteRunner.run(SuiteRunner.java:312)
	at org.testng.SuiteRunnerWorker.runSuite(SuiteRunnerWorker.java:52)
	at org.testng.SuiteRunnerWorker.run(SuiteRunnerWorker.java:95)
	at org.testng.TestNG.runSuitesSequentially(TestNG.java:1274)
	at org.testng.TestNG.runSuitesLocally(TestNG.java:1208)
	at org.testng.TestNG.runSuites(TestNG.java:1112)
	at org.testng.TestNG.run(TestNG.java:1079)
	at org.apache.maven.surefire.testng.TestNGExecutor.run(TestNGExecutor.java:308)
	at org.apache.maven.surefire.testng.TestNGXmlTestSuite.execute(TestNGXmlTestSuite.java:71)
	at org.apache.maven.surefire.testng.TestNGProvider.invoke(TestNGProvider.java:113)
	at org.apache.maven.surefire.booter.ForkedBooter.runSuitesInProcess(ForkedBooter.java:385)
	at org.apache.maven.surefire.booter.ForkedBooter.execute(ForkedBooter.java:162)
	at org.apache.maven.surefire.booter.ForkedBooter.run(ForkedBooter.java:507)
	at org.apache.maven.surefire.booter.ForkedBooter.main(ForkedBooter.java:495)
]]></system-err>
  </testcase>
  <testcase name="testPutVideo" classname="api.tests.VideoServiceTest" time="0.58">
    <system-out><![CDATA[Starting Test: testPutVideo
Request method:	PUT
Request URI:	https://www.videogamedb.uk:443/api/videogame/1
Proxy:			<none>
Request params:	<none>
Query params:	<none>
Form params:	<none>
Path params:	<none>
Headers:		Authorization=Bearer eyJhbGciOiJIUzI1NiJ9.eyJzdWIiOiJhZG1pbiIsImlhdCI6MTczNTgxNjgxMiwiZXhwIjoxNzM1ODIwNDEyfQ.yybxNLjync-uFDublQRWYucr1zWWfS6RtBUpY4gpLOY
				Accept=*/*
				Content-Type=application/json
Cookies:		<none>
Multiparts:		<none>
Body:
{
    "id": "1",
    "category": "Platform",
    "name": "Super Mario",
    "rating": "Mature",
    "releaseDate": "2012-06-01",
    "reviewScore": 90
}
Response Status Code: 200
Response Body: {"id":1,"name":"Super Mario","releaseDate":"2012-06-01","reviewScore":90,"category":"Platform","rating":"Mature"}
Test Passed: testPutVideo
]]></system-out>
    <system-err><![CDATA[java.io.FileNotFoundException: src/test/resources/logs/put_video_log.txt (No such file or directory)
	at java.base/java.io.FileOutputStream.open0(Native Method)
	at java.base/java.io.FileOutputStream.open(FileOutputStream.java:295)
	at java.base/java.io.FileOutputStream.<init>(FileOutputStream.java:237)
	at java.base/java.io.FileOutputStream.<init>(FileOutputStream.java:156)
	at api.tests.VideoServiceTest.logRequestResponseToFile(VideoServiceTest.java:29)
	at api.tests.VideoServiceTest.testPutVideo(VideoServiceTest.java:145)
	at java.base/jdk.internal.reflect.DirectMethodHandleAccessor.invoke(DirectMethodHandleAccessor.java:103)
	at java.base/java.lang.reflect.Method.invoke(Method.java:580)
	at org.testng.internal.invokers.MethodInvocationHelper.invokeMethod(MethodInvocationHelper.java:141)
	at org.testng.internal.invokers.TestInvoker.invokeMethod(TestInvoker.java:686)
	at org.testng.internal.invokers.TestInvoker.invokeTestMethod(TestInvoker.java:230)
	at org.testng.internal.invokers.MethodRunner.runInSequence(MethodRunner.java:63)
	at org.testng.internal.invokers.TestInvoker$MethodInvocationAgent.invoke(TestInvoker.java:992)
	at org.testng.internal.invokers.TestInvoker.invokeTestMethods(TestInvoker.java:203)
	at org.testng.internal.invokers.TestMethodWorker.invokeTestMethods(TestMethodWorker.java:154)
	at org.testng.internal.invokers.TestMethodWorker.run(TestMethodWorker.java:134)
	at java.base/java.util.ArrayList.forEach(ArrayList.java:1597)
	at org.testng.TestRunner.privateRun(TestRunner.java:739)
	at org.testng.TestRunner.run(TestRunner.java:614)
	at org.testng.SuiteRunner.runTest(SuiteRunner.java:421)
	at org.testng.SuiteRunner.runSequentially(SuiteRunner.java:413)
	at org.testng.SuiteRunner.privateRun(SuiteRunner.java:373)
	at org.testng.SuiteRunner.run(SuiteRunner.java:312)
	at org.testng.SuiteRunnerWorker.runSuite(SuiteRunnerWorker.java:52)
	at org.testng.SuiteRunnerWorker.run(SuiteRunnerWorker.java:95)
	at org.testng.TestNG.runSuitesSequentially(TestNG.java:1274)
	at org.testng.TestNG.runSuitesLocally(TestNG.java:1208)
	at org.testng.TestNG.runSuites(TestNG.java:1112)
	at org.testng.TestNG.run(TestNG.java:1079)
	at org.apache.maven.surefire.testng.TestNGExecutor.run(TestNGExecutor.java:308)
	at org.apache.maven.surefire.testng.TestNGXmlTestSuite.execute(TestNGXmlTestSuite.java:71)
	at org.apache.maven.surefire.testng.TestNGProvider.invoke(TestNGProvider.java:113)
	at org.apache.maven.surefire.booter.ForkedBooter.runSuitesInProcess(ForkedBooter.java:385)
	at org.apache.maven.surefire.booter.ForkedBooter.execute(ForkedBooter.java:162)
	at org.apache.maven.surefire.booter.ForkedBooter.run(ForkedBooter.java:507)
	at org.apache.maven.surefire.booter.ForkedBooter.main(ForkedBooter.java:495)
]]></system-err>
  </testcase>
  <testcase name="testDeleteVideo" classname="api.tests.VideoServiceTest" time="0.575">
    <system-out><![CDATA[Starting Test: testDeleteVideo
Request method:	DELETE
Request URI:	https://www.videogamedb.uk:443/api/videogame/1
Proxy:			<none>
Request params:	<none>
Query params:	<none>
Form params:	<none>
Path params:	<none>
Headers:		Authorization=Bearer eyJhbGciOiJIUzI1NiJ9.eyJzdWIiOiJhZG1pbiIsImlhdCI6MTczNTgxNjgxMiwiZXhwIjoxNzM1ODIwNDEyfQ.yybxNLjync-uFDublQRWYucr1zWWfS6RtBUpY4gpLOY
				Accept=*/*
Cookies:		<none>
Multiparts:		<none>
Body:			<none>
Response Status Code: 200
Response Body: Video game deleted
Test Passed: testDeleteVideo
]]></system-out>
    <system-err><![CDATA[java.io.FileNotFoundException: src/test/resources/logs/delete_video_log.txt (No such file or directory)
	at java.base/java.io.FileOutputStream.open0(Native Method)
	at java.base/java.io.FileOutputStream.open(FileOutputStream.java:295)
	at java.base/java.io.FileOutputStream.<init>(FileOutputStream.java:237)
	at java.base/java.io.FileOutputStream.<init>(FileOutputStream.java:156)
	at api.tests.VideoServiceTest.logRequestResponseToFile(VideoServiceTest.java:29)
	at api.tests.VideoServiceTest.testDeleteVideo(VideoServiceTest.java:176)
	at java.base/jdk.internal.reflect.DirectMethodHandleAccessor.invoke(DirectMethodHandleAccessor.java:103)
	at java.base/java.lang.reflect.Method.invoke(Method.java:580)
	at org.testng.internal.invokers.MethodInvocationHelper.invokeMethod(MethodInvocationHelper.java:141)
	at org.testng.internal.invokers.TestInvoker.invokeMethod(TestInvoker.java:686)
	at org.testng.internal.invokers.TestInvoker.invokeTestMethod(TestInvoker.java:230)
	at org.testng.internal.invokers.MethodRunner.runInSequence(MethodRunner.java:63)
	at org.testng.internal.invokers.TestInvoker$MethodInvocationAgent.invoke(TestInvoker.java:992)
	at org.testng.internal.invokers.TestInvoker.invokeTestMethods(TestInvoker.java:203)
	at org.testng.internal.invokers.TestMethodWorker.invokeTestMethods(TestMethodWorker.java:154)
	at org.testng.internal.invokers.TestMethodWorker.run(TestMethodWorker.java:134)
	at java.base/java.util.ArrayList.forEach(ArrayList.java:1597)
	at org.testng.TestRunner.privateRun(TestRunner.java:739)
	at org.testng.TestRunner.run(TestRunner.java:614)
	at org.testng.SuiteRunner.runTest(SuiteRunner.java:421)
	at org.testng.SuiteRunner.runSequentially(SuiteRunner.java:413)
	at org.testng.SuiteRunner.privateRun(SuiteRunner.java:373)
	at org.testng.SuiteRunner.run(SuiteRunner.java:312)
	at org.testng.SuiteRunnerWorker.runSuite(SuiteRunnerWorker.java:52)
	at org.testng.SuiteRunnerWorker.run(SuiteRunnerWorker.java:95)
	at org.testng.TestNG.runSuitesSequentially(TestNG.java:1274)
	at org.testng.TestNG.runSuitesLocally(TestNG.java:1208)
	at org.testng.TestNG.runSuites(TestNG.java:1112)
	at org.testng.TestNG.run(TestNG.java:1079)
	at org.apache.maven.surefire.testng.TestNGExecutor.run(TestNGExecutor.java:308)
	at org.apache.maven.surefire.testng.TestNGXmlTestSuite.execute(TestNGXmlTestSuite.java:71)
	at org.apache.maven.surefire.testng.TestNGProvider.invoke(TestNGProvider.java:113)
	at org.apache.maven.surefire.booter.ForkedBooter.runSuitesInProcess(ForkedBooter.java:385)
	at org.apache.maven.surefire.booter.ForkedBooter.execute(ForkedBooter.java:162)
	at org.apache.maven.surefire.booter.ForkedBooter.run(ForkedBooter.java:507)
	at org.apache.maven.surefire.booter.ForkedBooter.main(ForkedBooter.java:495)
]]></system-err>
  </testcase>
  <testcase name="testPostVideoWithInvalidToken" classname="api.tests.VideoServiceTest" time="0.522">
    <system-out><![CDATA[Starting Test: testPostVideoWithInvalidToken
Request method:	POST
Request URI:	https://www.videogamedb.uk:443/api/videogame
Proxy:			<none>
Request params:	<none>
Query params:	<none>
Form params:	<none>
Path params:	<none>
Headers:		Authorization=Bearer invalid_token
				Accept=*/*
				Content-Type=application/json
Cookies:		<none>
Multiparts:		<none>
Body:
{
    "id": "999",
    "category": "Platform",
    "name": "InvalidTokenTest",
    "rating": "Everyone",
    "releaseDate": "2025-01-01",
    "reviewScore": 50
}
Response: {"timestamp":"2025-01-02T11:20:15.566+00:00","status":500,"error":"Internal Server Error","path":"/api/videogame"}
Test Passed: testPostVideoWithInvalidToken
]]></system-out>
  </testcase>
  <testcase name="testPostVideoWithMissingFields" classname="api.tests.VideoServiceTest" time="0.511">
    <system-out><![CDATA[Starting Test: testPostVideoWithMissingFields
Request method:	POST
Request URI:	https://www.videogamedb.uk:443/api/videogame
Proxy:			<none>
Request params:	<none>
Query params:	<none>
Form params:	<none>
Path params:	<none>
Headers:		Authorization=Bearer eyJhbGciOiJIUzI1NiJ9.eyJzdWIiOiJhZG1pbiIsImlhdCI6MTczNTgxNjgxMiwiZXhwIjoxNzM1ODIwNDEyfQ.yybxNLjync-uFDublQRWYucr1zWWfS6RtBUpY4gpLOY
				Accept=*/*
				Content-Type=application/json
Cookies:		<none>
Multiparts:		<none>
Body:
{
    "id": null,
    "category": "Platform",
    "name": null,
    "rating": null,
    "releaseDate": null,
    "reviewScore": 0
}
Response: {"timestamp":"2025-01-02T11:20:16.082+00:00","status":400,"error":"Bad Request","path":"/api/videogame"}
Test Passed: testPostVideoWithMissingFields
]]></system-out>
  </testcase>
  <testcase name="testPostVideoWithInvalidDataFormat" classname="api.tests.VideoServiceTest" time="0.475">
    <system-out><![CDATA[Starting Test: testPostVideoWithInvalidDataFormat
Request method:	POST
Request URI:	https://www.videogamedb.uk:443/api/videogame
Proxy:			<none>
Request params:	<none>
Query params:	<none>
Form params:	<none>
Path params:	<none>
Headers:		Authorization=Bearer eyJhbGciOiJIUzI1NiJ9.eyJzdWIiOiJhZG1pbiIsImlhdCI6MTczNTgxNjgxMiwiZXhwIjoxNzM1ODIwNDEyfQ.yybxNLjync-uFDublQRWYucr1zWWfS6RtBUpY4gpLOY
				Accept=*/*
				Content-Type=application/json
Cookies:		<none>
Multiparts:		<none>
Body:
{
    "category": "Platform",
    "name": "TestGame",
    "rating": "Everyone",
    "releaseDate": "2025-01-01",
    "reviewScore": "invalid_score",
    "id": "999"
}
Response: {"timestamp":"2025-01-02T11:20:16.559+00:00","status":400,"error":"Bad Request","path":"/api/videogame"}
Test Passed: testPostVideoWithInvalidDataFormat
]]></system-out>
  </testcase>
  <testcase name="testGetNonExistentVideoById" classname="api.tests.VideoServiceTest" time="0.556">
    <system-out><![CDATA[Starting Test: testGetNonExistentVideoById
Request method:	GET
Request URI:	https://www.videogamedb.uk:443/api/videogame/99999
Proxy:			<none>
Request params:	<none>
Query params:	<none>
Form params:	<none>
Path params:	<none>
Headers:		Authorization=Bearer eyJhbGciOiJIUzI1NiJ9.eyJzdWIiOiJhZG1pbiIsImlhdCI6MTczNTgxNjgxMiwiZXhwIjoxNzM1ODIwNDEyfQ.yybxNLjync-uFDublQRWYucr1zWWfS6RtBUpY4gpLOY
				Accept=*/*
Cookies:		<none>
Multiparts:		<none>
Body:			<none>
Response: {"timestamp":"2025-01-02T11:20:17.117+00:00","status":404,"error":"Not Found","path":"/api/videogame/99999"}
Test Passed: testGetNonExistentVideoById
]]></system-out>
  </testcase>
  <testcase name="testPostVideo" classname="api.tests.VideoServiceDD" time="0.574">
    <system-out><![CDATA[Test Suite finished: ServiceTest
Extent Report generated at: /Users/daviddornyoh/Documents/AutomationTesting/reports/ExtentReport_20250102_112006.html
Test Suite started: ExcelTest
2025-01-02T11:20:16.817975Z main ERROR Log4j2 could not find a logging implementation. Please add log4j-core to the classpath. Using SimpleLogger to log to the console...
Starting Test: testPostVideo
Test Passed: testPostVideo
]]></system-out>
  </testcase>
  <testcase name="testGetVideoById" classname="api.tests.VideoServiceDD" time="0.578">
    <system-out><![CDATA[Starting Test: testGetVideoById
Test Passed: testGetVideoById
]]></system-out>
  </testcase>
  <testcase name="testPutVideo" classname="api.tests.VideoServiceDD" time="0.573">
    <system-out><![CDATA[Starting Test: testPutVideo
Test Passed: testPutVideo
]]></system-out>
  </testcase>
  <testcase name="testDeleteVideo" classname="api.tests.VideoServiceDD" time="0.58">
    <system-out><![CDATA[Starting Test: testDeleteVideo
Test Passed: testDeleteVideo
]]></system-out>
  </testcase>
  <testcase name="testInvalidPostVideo" classname="api.tests.VideoServiceDD" time="0.561">
    <system-out><![CDATA[Starting Test: testInvalidPostVideo
Test Passed: testInvalidPostVideo
]]></system-out>
  </testcase>
</testsuite>