<?xml version="1.0" encoding="UTF-8"?>
<!-- Generated by org.testng.reporters.JUnitReportReporter -->
<testsuite hostname="Davids-MBP" failures="0" tests="3" name="api.tests.AuthServiceTest" time="4.880" errors="0" timestamp="2025-01-02T11:20:20 GMT" skipped="0">
  <testcase classname="api.tests.AuthServiceTest" name="testSuccessfulAuthentication" time="3.722"/>
  <testcase classname="api.tests.AuthServiceTest" name="testAuthenticationWithInvalidCredentials" time="0.529"/>
  <testcase classname="api.tests.AuthServiceTest" name="testServerErrorDuringAuthentication" time="0.629"/>
</testsuite> <!-- api.tests.AuthServiceTest -->
