<?xml version="1.0" encoding="UTF-8"?>
<!-- Generated by org.testng.reporters.JUnitReportReporter -->
<testsuite hostname="Davids-MBP" failures="0" tests="8" name="api.tests.VideoServiceTest" time="4.831" errors="0" timestamp="2025-01-02T10:30:46 GMT" skipped="0">
  <testcase classname="api.tests.VideoServiceTest" name="testPostVideo" time="1.091"/>
  <testcase classname="api.tests.VideoServiceTest" name="testGetVideoById" time="0.555"/>
  <testcase classname="api.tests.VideoServiceTest" name="testPutVideo" time="0.548"/>
  <testcase classname="api.tests.VideoServiceTest" name="testDeleteVideo" time="0.521"/>
  <testcase classname="api.tests.VideoServiceTest" name="testPostVideoWithInvalidToken" time="0.511"/>
  <testcase classname="api.tests.VideoServiceTest" name="testPostVideoWithMissingFields" time="0.517"/>
  <testcase classname="api.tests.VideoServiceTest" name="testPostVideoWithInvalidDataFormat" time="0.540"/>
  <testcase classname="api.tests.VideoServiceTest" name="testGetNonExistentVideoById" time="0.548"/>
</testsuite> <!-- api.tests.VideoServiceTest -->
