<?xml version="1.0" encoding="UTF-8"?>
<!-- Generated by org.testng.reporters.JUnitReportReporter -->
<testsuite hostname="Davids-MBP" failures="0" tests="3" name="api.tests.AuthServiceTest" time="2.435" errors="0" timestamp="2025-01-02T13:08:16 GMT" skipped="0">
  <testcase classname="api.tests.AuthServiceTest" name="testSuccessfulAuthentication" time="1.444"/>
  <testcase classname="api.tests.AuthServiceTest" name="testAuthenticationWithInvalidCredentials" time="0.503"/>
  <testcase classname="api.tests.AuthServiceTest" name="testServerErrorDuringAuthentication" time="0.488"/>
</testsuite> <!-- api.tests.AuthServiceTest -->
