<?xml version="1.0" encoding="UTF-8"?>
<!-- Generated by org.testng.reporters.JUnitReportReporter -->
<testsuite hostname="Davids-MBP" failures="0" tests="8" name="api.tests.VideoServiceTest" time="4.933" errors="0" timestamp="2025-01-02T11:20:20 GMT" skipped="0">
  <testcase classname="api.tests.VideoServiceTest" name="testPostVideo" time="1.145"/>
  <testcase classname="api.tests.VideoServiceTest" name="testGetVideoById" time="0.571"/>
  <testcase classname="api.tests.VideoServiceTest" name="testPutVideo" time="0.578"/>
  <testcase classname="api.tests.VideoServiceTest" name="testDeleteVideo" time="0.575"/>
  <testcase classname="api.tests.VideoServiceTest" name="testPostVideoWithInvalidToken" time="0.523"/>
  <testcase classname="api.tests.VideoServiceTest" name="testPostVideoWithMissingFields" time="0.511"/>
  <testcase classname="api.tests.VideoServiceTest" name="testPostVideoWithInvalidDataFormat" time="0.475"/>
  <testcase classname="api.tests.VideoServiceTest" name="testGetNonExistentVideoById" time="0.555"/>
</testsuite> <!-- api.tests.VideoServiceTest -->
