<?xml version="1.0" encoding="UTF-8"?>
<!-- Generated by org.testng.reporters.JUnitReportReporter -->
<testsuite hostname="Davids-MBP" failures="0" tests="5" name="api.tests.VideoServiceDD" time="2.835" errors="0" timestamp="2025-01-02T12:28:13 GMT" skipped="0">
  <testcase classname="api.tests.VideoServiceDD" name="testPostVideo" time="0.554"/>
  <testcase classname="api.tests.VideoServiceDD" name="testGetVideoById" time="0.507"/>
  <testcase classname="api.tests.VideoServiceDD" name="testPutVideo" time="0.487"/>
  <testcase classname="api.tests.VideoServiceDD" name="testDeleteVideo" time="0.507"/>
  <testcase classname="api.tests.VideoServiceDD" name="testInvalidPostVideo" time="0.780"/>
</testsuite> <!-- api.tests.VideoServiceDD -->
