<?xml version="1.0" encoding="UTF-8"?>
<!-- Generated by org.testng.reporters.JUnitReportReporter -->
<testsuite hostname="Davids-MBP" failures="0" tests="6" name="api.tests.VideoServiceTest" time="3.722" errors="0" timestamp="2025-01-02T13:08:16 GMT" skipped="0">
  <testcase classname="api.tests.VideoServiceTest" name="testPostVideo" time="1.064"/>
  <testcase classname="api.tests.VideoServiceTest" name="testGetVideoById" time="0.532"/>
  <testcase classname="api.tests.VideoServiceTest" name="testPutVideo" time="0.571"/>
  <testcase classname="api.tests.VideoServiceTest" name="testDeleteVideo" time="0.512"/>
  <testcase classname="api.tests.VideoServiceTest" name="testPostVideoWithInvalidToken" time="0.533"/>
  <testcase classname="api.tests.VideoServiceTest" name="testPostVideoWithMissingFields" time="0.510"/>
</testsuite> <!-- api.tests.VideoServiceTest -->
