<?xml version="1.0" encoding="UTF-8"?>
<!-- Generated by org.testng.reporters.JUnitReportReporter -->
<testsuite hostname="Davids-MBP" failures="0" tests="3" name="api.tests.AuthServiceTest" time="2.419" errors="0" timestamp="2025-01-02T10:30:46 GMT" skipped="0">
  <testcase classname="api.tests.AuthServiceTest" name="testSuccessfulAuthentication" time="1.391"/>
  <testcase classname="api.tests.AuthServiceTest" name="testAuthenticationWithInvalidCredentials" time="0.507"/>
  <testcase classname="api.tests.AuthServiceTest" name="testServerErrorDuringAuthentication" time="0.521"/>
</testsuite> <!-- api.tests.AuthServiceTest -->
