<?xml version="1.0" encoding="UTF-8"?>
<!-- Generated by org.testng.reporters.JUnitReportReporter -->
<testsuite hostname="Davids-MBP" failures="0" tests="5" name="api.tests.VideoServiceDD" time="3.146" errors="0" timestamp="2025-01-02T10:30:46 GMT" skipped="0">
  <testcase classname="api.tests.VideoServiceDD" name="testPostVideo" time="0.632"/>
  <testcase classname="api.tests.VideoServiceDD" name="testGetVideoById" time="0.586"/>
  <testcase classname="api.tests.VideoServiceDD" name="testPutVideo" time="0.563"/>
  <testcase classname="api.tests.VideoServiceDD" name="testDeleteVideo" time="0.835"/>
  <testcase classname="api.tests.VideoServiceDD" name="testInvalidPostVideo" time="0.530"/>
</testsuite> <!-- api.tests.VideoServiceDD -->
