<?xml version="1.0" encoding="UTF-8"?>
<!-- Generated by org.testng.reporters.JUnitReportReporter -->
<testsuite hostname="Davids-MBP" failures="0" tests="5" name="api.tests.VideoServiceDD" time="3.168" errors="0" timestamp="2025-01-02T13:08:16 GMT" skipped="0">
  <testcase classname="api.tests.VideoServiceDD" name="testPostVideo" time="0.674"/>
  <testcase classname="api.tests.VideoServiceDD" name="testGetVideoById" time="0.533"/>
  <testcase classname="api.tests.VideoServiceDD" name="testPutVideo" time="0.606"/>
  <testcase classname="api.tests.VideoServiceDD" name="testDeleteVideo" time="0.533"/>
  <testcase classname="api.tests.VideoServiceDD" name="testInvalidPostVideo" time="0.822"/>
</testsuite> <!-- api.tests.VideoServiceDD -->
