<?xml version="1.0" encoding="UTF-8"?>
<!-- Generated by org.testng.reporters.JUnitReportReporter -->
<testsuite hostname="Davids-MBP" failures="0" tests="6" name="api.tests.VideoServiceTest" time="3.332" errors="0" timestamp="2025-01-02T12:28:13 GMT" skipped="0">
  <testcase classname="api.tests.VideoServiceTest" name="testPostVideo" time="0.993"/>
  <testcase classname="api.tests.VideoServiceTest" name="testGetVideoById" time="0.443"/>
  <testcase classname="api.tests.VideoServiceTest" name="testPutVideo" time="0.488"/>
  <testcase classname="api.tests.VideoServiceTest" name="testDeleteVideo" time="0.453"/>
  <testcase classname="api.tests.VideoServiceTest" name="testPostVideoWithInvalidToken" time="0.466"/>
  <testcase classname="api.tests.VideoServiceTest" name="testPostVideoWithMissingFields" time="0.489"/>
</testsuite> <!-- api.tests.VideoServiceTest -->
