<?xml version="1.0" encoding="UTF-8"?>
<!-- Generated by org.testng.reporters.JUnitReportReporter -->
<testsuite hostname="Davids-MBP" failures="0" tests="5" name="api.tests.VideoServiceDD" time="3.205" errors="0" timestamp="2025-01-02T11:20:20 GMT" skipped="0">
  <testcase classname="api.tests.VideoServiceDD" name="testPostVideo" time="0.861"/>
  <testcase classname="api.tests.VideoServiceDD" name="testGetVideoById" time="0.592"/>
  <testcase classname="api.tests.VideoServiceDD" name="testPutVideo" time="0.584"/>
  <testcase classname="api.tests.VideoServiceDD" name="testDeleteVideo" time="0.594"/>
  <testcase classname="api.tests.VideoServiceDD" name="testInvalidPostVideo" time="0.574"/>
</testsuite> <!-- api.tests.VideoServiceDD -->
